{"synthetic": false,
 "schemaVersion": "2025-09-10",
 "outputs":
 {"o": ["8dba6dede410abd0.olean"],
  "i": "b5ed7ad58bc88531.ilean",
  "c": "6d6f3840bf08a5c9.c"},
 "log":
 [{"message":
   ".> LEAN_PATH=/Users/inaciof.vasquez/github-audit/urf-spine/.lake/packages/Cli/.lake/build/lib/lean:/Users/inaciof.vasquez/github-audit/urf-spine/.lake/packages/batteries/.lake/build/lib/lean:/Users/inaciof.vasquez/github-audit/urf-spine/.lake/packages/Qq/.lake/build/lib/lean:/Users/inaciof.vasquez/github-audit/urf-spine/.lake/packages/aesop/.lake/build/lib/lean:/Users/inaciof.vasquez/github-audit/urf-spine/.lake/packages/proofwidgets/.lake/build/lib/lean:/Users/inaciof.vasquez/github-audit/urf-spine/.lake/packages/importGraph/.lake/build/lib/lean:/Users/inaciof.vasquez/github-audit/urf-spine/.lake/packages/LeanSearchClient/.lake/build/lib/lean:/Users/inaciof.vasquez/github-audit/urf-spine/.lake/packages/plausible/.lake/build/lib/lean:/Users/inaciof.vasquez/github-audit/urf-spine/.lake/packages/mathlib/.lake/build/lib/lean:/Users/inaciof.vasquez/github-audit/urf-spine/.lake/build/lib/lean /Users/inaciof.vasquez/.elan/toolchains/leanprover--lean4---v4.27.0/bin/lean /Users/inaciof.vasquez/github-audit/urf-spine/spine/lean/URFSpine/Core/Artifact.lean -o /Users/inaciof.vasquez/github-audit/urf-spine/.lake/build/lib/lean/URFSpine/Core/Artifact.olean -i /Users/inaciof.vasquez/github-audit/urf-spine/.lake/build/lib/lean/URFSpine/Core/Artifact.ilean -c /Users/inaciof.vasquez/github-audit/urf-spine/.lake/build/ir/URFSpine/Core/Artifact.c --setup /Users/inaciof.vasquez/github-audit/urf-spine/.lake/build/ir/URFSpine/Core/Artifact.setup.json --json",
   "level": "trace"}],
 "inputs":
 [["URFSpine.Core.Artifact:deps",
   [["deps",
     [["urf_spine/URFSpine:extraDep",
       [["@urf_spine:extraDep", "00000000000006bb"]]],
      ["imports", "00000000000006bb"]]],
    ["libs",
     [["import dynlibs", "00000000000006bb"],
      ["package external libraries", "00000000000006bb"],
      ["module dynlibs", "00000000000006bb"],
      ["module plugins", "00000000000006bb"]]]]],
  ["Lean 4.27.0, commit db93fe1608548721853390a10cd40580fe7d22ae",
   "9a2be90fd35343e5"],
  ["/Users/inaciof.vasquez/github-audit/urf-spine/spine/lean/URFSpine/Core/Artifact.lean",
   "fc85b4df15435990"],
  ["options", [["-Dpp.unicode.fun=true", "9b94070140457fab"]]],
  ["Module.leanArgs: #[]", "00000000000006bb"]],
 "depHash": "0f4462472da56229"}