{"synthetic": false,
 "schemaVersion": "2025-09-10",
 "outputs":
 {"o": ["677857ac30b4b03b.olean"],
  "i": "6cb474e77244526c.ilean",
  "c": "f7c2f3ad5ae1a20a.c"},
 "log":
 [{"message":
   ".> LEAN_PATH=/Users/inaciof.vasquez/github-audit/urf-spine/.lake/packages/Cli/.lake/build/lib/lean:/Users/inaciof.vasquez/github-audit/urf-spine/.lake/packages/batteries/.lake/build/lib/lean:/Users/inaciof.vasquez/github-audit/urf-spine/.lake/packages/Qq/.lake/build/lib/lean:/Users/inaciof.vasquez/github-audit/urf-spine/.lake/packages/aesop/.lake/build/lib/lean:/Users/inaciof.vasquez/github-audit/urf-spine/.lake/packages/proofwidgets/.lake/build/lib/lean:/Users/inaciof.vasquez/github-audit/urf-spine/.lake/packages/importGraph/.lake/build/lib/lean:/Users/inaciof.vasquez/github-audit/urf-spine/.lake/packages/LeanSearchClient/.lake/build/lib/lean:/Users/inaciof.vasquez/github-audit/urf-spine/.lake/packages/plausible/.lake/build/lib/lean:/Users/inaciof.vasquez/github-audit/urf-spine/.lake/packages/mathlib/.lake/build/lib/lean:/Users/inaciof.vasquez/github-audit/urf-spine/.lake/build/lib/lean /Users/inaciof.vasquez/.elan/toolchains/leanprover--lean4---v4.27.0/bin/lean /Users/inaciof.vasquez/github-audit/urf-spine/spine/lean/URFSpine/SpineQuotSNF.lean -o /Users/inaciof.vasquez/github-audit/urf-spine/.lake/build/lib/lean/URFSpine/SpineQuotSNF.olean -i /Users/inaciof.vasquez/github-audit/urf-spine/.lake/build/lib/lean/URFSpine/SpineQuotSNF.ilean -c /Users/inaciof.vasquez/github-audit/urf-spine/.lake/build/ir/URFSpine/SpineQuotSNF.c --setup /Users/inaciof.vasquez/github-audit/urf-spine/.lake/build/ir/URFSpine/SpineQuotSNF.setup.json --json",
   "level": "trace"},
  {"message":
   "spine/lean/URFSpine/SpineQuotSNF.lean:11:3: unused variable `hperm`\n\nNote: This linter can be disabled with `set_option linter.unusedVariables false`",
   "level": "warning"}],
 "inputs":
 [["URFSpine.SpineQuotSNF:deps",
   [["deps",
     [["urf_spine/URFSpine:extraDep",
       [["@urf_spine:extraDep", "00000000000006bb"]]],
      ["imports",
       [["URFSpine.SpineBase transitive imports (legacy)", "00000000000006bb"],
        ["URFSpine.SpineBase:importAllArts", "1d3cc1d5d520c7b9"],
        ["URFSpine.SpineSNFCanonicalRep transitive imports (legacy)",
         "6f1c7721ba4b7a54"],
        ["URFSpine.SpineSNFCanonicalRep:importAllArts", "4173b37a8ad15630"],
        ["Mathlib.Data.List.Permutation transitive imports (legacy)",
         "ba4d6bfb0ab24950"],
        ["Mathlib.Data.List.Permutation:importAllArts", "f0359b3e8f6f93c9"]]]]],
    ["libs",
     [["import dynlibs", "00000000000006bb"],
      ["package external libraries", "00000000000006bb"],
      ["module dynlibs", "00000000000006bb"],
      ["module plugins", "00000000000006bb"]]]]],
  ["Lean 4.27.0, commit db93fe1608548721853390a10cd40580fe7d22ae",
   "9a2be90fd35343e5"],
  ["/Users/inaciof.vasquez/github-audit/urf-spine/spine/lean/URFSpine/SpineQuotSNF.lean",
   "43f9cc149e594635"],
  ["options", [["-Dpp.unicode.fun=true", "9b94070140457fab"]]],
  ["Module.leanArgs: #[]", "00000000000006bb"]],
 "depHash": "596a5edd47c3ba99"}