{"synthetic": false,
 "schemaVersion": "2025-09-10",
 "outputs":
 {"o": ["83bbaa15910e77de.olean"],
  "i": "a312deb20860d770.ilean",
  "c": "87d674616aad309d.c"},
 "log":
 [{"message":
   ".> LEAN_PATH=/Users/inaciof.vasquez/github-audit/urf-spine/.lake/packages/Cli/.lake/build/lib/lean:/Users/inaciof.vasquez/github-audit/urf-spine/.lake/packages/batteries/.lake/build/lib/lean:/Users/inaciof.vasquez/github-audit/urf-spine/.lake/packages/Qq/.lake/build/lib/lean:/Users/inaciof.vasquez/github-audit/urf-spine/.lake/packages/aesop/.lake/build/lib/lean:/Users/inaciof.vasquez/github-audit/urf-spine/.lake/packages/proofwidgets/.lake/build/lib/lean:/Users/inaciof.vasquez/github-audit/urf-spine/.lake/packages/importGraph/.lake/build/lib/lean:/Users/inaciof.vasquez/github-audit/urf-spine/.lake/packages/LeanSearchClient/.lake/build/lib/lean:/Users/inaciof.vasquez/github-audit/urf-spine/.lake/packages/plausible/.lake/build/lib/lean:/Users/inaciof.vasquez/github-audit/urf-spine/.lake/packages/mathlib/.lake/build/lib/lean:/Users/inaciof.vasquez/github-audit/urf-spine/.lake/build/lib/lean /Users/inaciof.vasquez/.elan/toolchains/leanprover--lean4---v4.27.0/bin/lean /Users/inaciof.vasquez/github-audit/urf-spine/spine/lean/URFSpine/SpineHashModelTamper.lean -o /Users/inaciof.vasquez/github-audit/urf-spine/.lake/build/lib/lean/URFSpine/SpineHashModelTamper.olean -i /Users/inaciof.vasquez/github-audit/urf-spine/.lake/build/lib/lean/URFSpine/SpineHashModelTamper.ilean -c /Users/inaciof.vasquez/github-audit/urf-spine/.lake/build/ir/URFSpine/SpineHashModelTamper.c --setup /Users/inaciof.vasquez/github-audit/urf-spine/.lake/build/ir/URFSpine/SpineHashModelTamper.setup.json --json",
   "level": "trace"}],
 "inputs":
 [["URFSpine.SpineHashModelTamper:deps",
   [["deps",
     [["urf_spine/URFSpine:extraDep",
       [["@urf_spine:extraDep", "00000000000006bb"]]],
      ["imports",
       [["URFSpine.Core.Artifact transitive imports (legacy)",
         "00000000000006bb"],
        ["URFSpine.Core.Artifact:importAllArts", "5161dc3107e43ad5"]]]]],
    ["libs",
     [["import dynlibs", "00000000000006bb"],
      ["package external libraries", "00000000000006bb"],
      ["module dynlibs", "00000000000006bb"],
      ["module plugins", "00000000000006bb"]]]]],
  ["Lean 4.27.0, commit db93fe1608548721853390a10cd40580fe7d22ae",
   "9a2be90fd35343e5"],
  ["/Users/inaciof.vasquez/github-audit/urf-spine/spine/lean/URFSpine/SpineHashModelTamper.lean",
   "ce3bfe9e7506ac96"],
  ["options", [["-Dpp.unicode.fun=true", "9b94070140457fab"]]],
  ["Module.leanArgs: #[]", "00000000000006bb"]],
 "depHash": "e3ffe866795a3c4d"}