{"synthetic": false,
 "schemaVersion": "2025-09-10",
 "outputs":
 {"o": ["e61b9dda86860566.olean"],
  "i": "9a8fe4225bebc5f8.ilean",
  "c": "b729d1408f136ade.c"},
 "log":
 [{"message":
   ".> LEAN_PATH=/Users/inaciof.vasquez/github-audit/urf-spine/.lake/packages/Cli/.lake/build/lib/lean:/Users/inaciof.vasquez/github-audit/urf-spine/.lake/packages/batteries/.lake/build/lib/lean:/Users/inaciof.vasquez/github-audit/urf-spine/.lake/packages/Qq/.lake/build/lib/lean:/Users/inaciof.vasquez/github-audit/urf-spine/.lake/packages/aesop/.lake/build/lib/lean:/Users/inaciof.vasquez/github-audit/urf-spine/.lake/packages/proofwidgets/.lake/build/lib/lean:/Users/inaciof.vasquez/github-audit/urf-spine/.lake/packages/importGraph/.lake/build/lib/lean:/Users/inaciof.vasquez/github-audit/urf-spine/.lake/packages/LeanSearchClient/.lake/build/lib/lean:/Users/inaciof.vasquez/github-audit/urf-spine/.lake/packages/plausible/.lake/build/lib/lean:/Users/inaciof.vasquez/github-audit/urf-spine/.lake/packages/mathlib/.lake/build/lib/lean:/Users/inaciof.vasquez/github-audit/urf-spine/.lake/build/lib/lean /Users/inaciof.vasquez/.elan/toolchains/leanprover--lean4---v4.27.0/bin/lean /Users/inaciof.vasquez/github-audit/urf-spine/spine/lean/URFSpine.lean -o /Users/inaciof.vasquez/github-audit/urf-spine/.lake/build/lib/lean/URFSpine.olean -i /Users/inaciof.vasquez/github-audit/urf-spine/.lake/build/lib/lean/URFSpine.ilean -c /Users/inaciof.vasquez/github-audit/urf-spine/.lake/build/ir/URFSpine.c --setup /Users/inaciof.vasquez/github-audit/urf-spine/.lake/build/ir/URFSpine.setup.json --json",
   "level": "trace"}],
 "inputs":
 [["URFSpine:deps",
   [["deps",
     [["urf_spine/URFSpine:extraDep",
       [["@urf_spine:extraDep", "00000000000006bb"]]],
      ["imports",
       [["URFSpine.Core.Artifact transitive imports (legacy)",
         "00000000000006bb"],
        ["URFSpine.Core.Artifact:importAllArts", "5161dc3107e43ad5"],
        ["URFSpine.SpineSNFCanonicalRep transitive imports (legacy)",
         "8fce75f47e913ad3"],
        ["URFSpine.SpineSNFCanonicalRep:importAllArts", "60e98f383eff1a9e"],
        ["URFSpine.SpineHashModelTamper transitive imports (legacy)",
         "00b5deac27f287ee"],
        ["URFSpine.SpineHashModelTamper:importAllArts", "5ef9027772f6457b"]]]]],
    ["libs",
     [["import dynlibs", "00000000000006bb"],
      ["package external libraries", "00000000000006bb"],
      ["module dynlibs", "00000000000006bb"],
      ["module plugins", "00000000000006bb"]]]]],
  ["Lean 4.27.0, commit db93fe1608548721853390a10cd40580fe7d22ae",
   "9a2be90fd35343e5"],
  ["/Users/inaciof.vasquez/github-audit/urf-spine/spine/lean/URFSpine.lean",
   "67b7b35cb9e4b467"],
  ["options", [["-Dpp.unicode.fun=true", "9b94070140457fab"]]],
  ["Module.leanArgs: #[]", "00000000000006bb"]],
 "depHash": "0b87baf4a9920a84"}